<?xml version="1.0" encoding="UTF-8"?>
<!-- Generated by org.testng.reporters.JUnitReportReporter -->
<testsuite hostname="ShivPita" failures="0" tests="2" name="com.opencart.tests.LoginPageTest" time="36.684" errors="0" timestamp="15 Apr 2024 16:34:17 GMT" skipped="0">
  <testcase classname="com.opencart.tests.LoginPageTest" name="startBrowser" time="6.844"/>
  <testcase classname="com.opencart.tests.LoginPageTest" name="startBrowser" time="29.840"/>
</testsuite> <!-- com.opencart.tests.LoginPageTest -->
