<?xml version="1.0" encoding="UTF-8"?>
<!-- Generated by org.testng.reporters.JUnitReportReporter -->
<testsuite hostname="ShivPita" failures="0" tests="1" name="com.opencart.factory.DriverFactory" time="0.009" errors="0" timestamp="21 Apr 2024 13:00:23 GMT" skipped="0">
  <testcase classname="com.opencart.factory.DriverFactory" name="fetchKeyValues" time="0.009"/>
</testsuite> <!-- com.opencart.factory.DriverFactory -->
