<?xml version="1.0" encoding="UTF-8"?>
<!-- Generated by org.testng.reporters.JUnitReportReporter -->
<testsuite hostname="ShivPita" failures="0" tests="1" name="com.opencart.errors.AppError" time="7.534" errors="0" timestamp="01 Apr 2024 11:57:22 GMT" skipped="0">
  <testcase classname="com.opencart.errors.AppError" name="test" time="7.534"/>
</testsuite> <!-- com.opencart.errors.AppError -->
