<?xml version="1.0" encoding="UTF-8"?>
<!-- Generated by org.testng.reporters.JUnitReportReporter -->
<testsuite hostname="ShivPita" failures="0" tests="3" name="com.opencart.errors.Google" time="0.038" errors="0" timestamp="01 Apr 2024 12:25:06 GMT" skipped="0">
  <testcase classname="com.opencart.errors.Google" name="getTitle" time="0.013"/>
  <testcase classname="com.opencart.errors.Google" name="getTitle" time="0.015"/>
  <testcase classname="com.opencart.errors.Google" name="getTitle" time="0.010"/>
</testsuite> <!-- com.opencart.errors.Google -->
